# JRE version: OpenJDK Runtime Environment (11.0.12+7) (build 11.0.12+7-b1504.28-7817840)
# Java VM: OpenJDK 64-Bit Server VM (11.0.12+7-b1504.28-7817840, mixed mode, tiered, compressed oops, g1 gc, windows-amd64)
Heap:
 garbage-first heap   total 83968K, used 63122K [0x0000000080000000, 0x0000000100000000)
  region size 1024K, 19 young (19456K), 3 survivors (3072K)
 Metaspace       used 62334K, capacity 64139K, committed 64332K, reserved 1105920K
  class space    used 7897K, capacity 8520K, committed 8576K, reserved 1048576K
GC Heap History (20 events):
Event: 12.027 GC heap before
{Heap before GC invocations=23 (full 0):
 garbage-first heap   total 69632K, used 47029K [0x0000000080000000, 0x0000000100000000)
  region size 1024K, 18 young (18432K), 2 survivors (2048K)
 Metaspace       used 43643K, capacity 44759K, committed 44876K, reserved 1087488K
  class space    used 5560K, capacity 5943K, committed 6016K, reserved 1048576K
}
Event: 12.031 GC heap after
{Heap after GC invocations=24 (full 0):
 garbage-first heap   total 69632K, used 30613K [0x0000000080000000, 0x0000000100000000)
  region size 1024K, 3 young (3072K), 3 survivors (3072K)
 Metaspace       used 43643K, capacity 44759K, committed 44876K, reserved 1087488K
  class space    used 5560K, capacity 5943K, committed 6016K, reserved 1048576K
}
Event: 12.431 GC heap before
{Heap before GC invocations=24 (full 0):
 garbage-first heap   total 69632K, used 50069K [0x0000000080000000, 0x0000000100000000)
  region size 1024K, 22 young (22528K), 3 survivors (3072K)
 Metaspace       used 45047K, capacity 46309K, committed 46412K, reserved 1089536K
  class space    used 5780K, capacity 6204K, committed 6272K, reserved 1048576K
}
Event: 12.435 GC heap after
{Heap after GC invocations=25 (full 0):
 garbage-first heap   total 69632K, used 31658K [0x0000000080000000, 0x0000000100000000)
  region size 1024K, 3 young (3072K), 3 survivors (3072K)
 Metaspace       used 45047K, capacity 46309K, committed 46412K, reserved 1089536K
  class space    used 5780K, capacity 6204K, committed 6272K, reserved 1048576K
}
Event: 12.809 GC heap before
{Heap before GC invocations=25 (full 0):
 garbage-first heap   total 69632K, used 51114K [0x0000000080000000, 0x0000000100000000)
  region size 1024K, 22 young (22528K), 3 survivors (3072K)
 Metaspace       used 46480K, capacity 47820K, committed 47948K, reserved 1091584K
  class space    used 5992K, capacity 6456K, committed 6528K, reserved 1048576K
}
Event: 12.813 GC heap after
{Heap after GC invocations=26 (full 0):
 garbage-first heap   total 69632K, used 32116K [0x0000000080000000, 0x0000000100000000)
  region size 1024K, 2 young (2048K), 2 survivors (2048K)
 Metaspace       used 46480K, capacity 47820K, committed 47948K, reserved 1091584K
  class space    used 5992K, capacity 6456K, committed 6528K, reserved 1048576K
}
Event: 13.623 GC heap before
{Heap before GC invocations=26 (full 0):
 garbage-first heap   total 69632K, used 52596K [0x0000000080000000, 0x0000000100000000)
  region size 1024K, 22 young (22528K), 2 survivors (2048K)
 Metaspace       used 47777K, capacity 49143K, committed 49356K, reserved 1091584K
  class space    used 6126K, capacity 6595K, committed 6656K, reserved 1048576K
}
Event: 13.628 GC heap after
{Heap after GC invocations=27 (full 0):
 garbage-first heap   total 69632K, used 33112K [0x0000000080000000, 0x0000000100000000)
  region size 1024K, 3 young (3072K), 3 survivors (3072K)
 Metaspace       used 47777K, capacity 49143K, committed 49356K, reserved 1091584K
  class space    used 6126K, capacity 6595K, committed 6656K, reserved 1048576K
}
Event: 14.104 GC heap before
{Heap before GC invocations=27 (full 0):
 garbage-first heap   total 69632K, used 52568K [0x0000000080000000, 0x0000000100000000)
  region size 1024K, 23 young (23552K), 3 survivors (3072K)
 Metaspace       used 48304K, capacity 49734K, committed 49996K, reserved 1093632K
  class space    used 6185K, capacity 6703K, committed 6784K, reserved 1048576K
}
Event: 14.113 GC heap after
{Heap after GC invocations=28 (full 0):
 garbage-first heap   total 83968K, used 34577K [0x0000000080000000, 0x0000000100000000)
  region size 1024K, 3 young (3072K), 3 survivors (3072K)
 Metaspace       used 48304K, capacity 49734K, committed 49996K, reserved 1093632K
  class space    used 6185K, capacity 6703K, committed 6784K, reserved 1048576K
}
Event: 14.961 GC heap before
{Heap before GC invocations=28 (full 0):
 garbage-first heap   total 83968K, used 64273K [0x0000000080000000, 0x0000000100000000)
  region size 1024K, 29 young (29696K), 3 survivors (3072K)
 Metaspace       used 49784K, capacity 51440K, committed 51532K, reserved 1093632K
  class space    used 6393K, capacity 6980K, committed 7040K, reserved 1048576K
}
Event: 14.969 GC heap after
{Heap after GC invocations=29 (full 0):
 garbage-first heap   total 83968K, used 45505K [0x0000000080000000, 0x0000000100000000)
  region size 1024K, 4 young (4096K), 4 survivors (4096K)
 Metaspace       used 49784K, capacity 51440K, committed 51532K, reserved 1093632K
  class space    used 6393K, capacity 6980K, committed 7040K, reserved 1048576K
}
Event: 15.838 GC heap before
{Heap before GC invocations=29 (full 0):
 garbage-first heap   total 83968K, used 64961K [0x0000000080000000, 0x0000000100000000)
  region size 1024K, 23 young (23552K), 4 survivors (4096K)
 Metaspace       used 52388K, capacity 53982K, committed 54092K, reserved 1095680K
  class space    used 6710K, capacity 7250K, committed 7296K, reserved 1048576K
}
Event: 15.847 GC heap after
{Heap after GC invocations=30 (full 0):
 garbage-first heap   total 83968K, used 45906K [0x0000000080000000, 0x0000000100000000)
  region size 1024K, 1 young (1024K), 1 survivors (1024K)
 Metaspace       used 52388K, capacity 53982K, committed 54092K, reserved 1095680K
  class space    used 6710K, capacity 7250K, committed 7296K, reserved 1048576K
}
Event: 16.786 GC heap before
{Heap before GC invocations=31 (full 0):
 garbage-first heap   total 83968K, used 64338K [0x0000000080000000, 0x0000000100000000)
  region size 1024K, 20 young (20480K), 1 survivors (1024K)
 Metaspace       used 54948K, capacity 56647K, committed 56780K, reserved 1097728K
  class space    used 7057K, capacity 7627K, committed 7680K, reserved 1048576K
}
Event: 16.791 GC heap after
{Heap after GC invocations=32 (full 0):
 garbage-first heap   total 83968K, used 46639K [0x0000000080000000, 0x0000000100000000)
  region size 1024K, 2 young (2048K), 2 survivors (2048K)
 Metaspace       used 54948K, capacity 56647K, committed 56780K, reserved 1097728K
  class space    used 7057K, capacity 7627K, committed 7680K, reserved 1048576K
}
Event: 17.677 GC heap before
{Heap before GC invocations=32 (full 0):
 garbage-first heap   total 83968K, used 66095K [0x0000000080000000, 0x0000000100000000)
  region size 1024K, 21 young (21504K), 2 survivors (2048K)
 Metaspace       used 58209K, capacity 59847K, committed 60108K, reserved 1101824K
  class space    used 7367K, capacity 7926K, committed 7936K, reserved 1048576K
}
Event: 17.683 GC heap after
{Heap after GC invocations=33 (full 0):
 garbage-first heap   total 83968K, used 47198K [0x0000000080000000, 0x0000000100000000)
  region size 1024K, 2 young (2048K), 2 survivors (2048K)
 Metaspace       used 58209K, capacity 59847K, committed 60108K, reserved 1101824K
  class space    used 7367K, capacity 7926K, committed 7936K, reserved 1048576K
}
Event: 18.691 GC heap before
{Heap before GC invocations=34 (full 0):
 garbage-first heap   total 83968K, used 66654K [0x0000000080000000, 0x0000000100000000)
  region size 1024K, 21 young (21504K), 2 survivors (2048K)
 Metaspace       used 61038K, capacity 62754K, committed 62924K, reserved 1103872K
  class space    used 7737K, capacity 8359K, committed 8448K, reserved 1048576K
}
Event: 18.699 GC heap after
{Heap after GC invocations=35 (full 0):
 garbage-first heap   total 83968K, used 48786K [0x0000000080000000, 0x0000000100000000)
  region size 1024K, 3 young (3072K), 3 survivors (3072K)
 Metaspace       used 61038K, capacity 62754K, committed 62924K, reserved 1103872K
  class space    used 7737K, capacity 8359K, committed 8448K, reserved 1048576K
}

