# JRE version: OpenJDK Runtime Environment (11.0.12+7) (build 11.0.12+7-b1504.28-7817840)
# Java VM: OpenJDK 64-Bit Server VM (11.0.12+7-b1504.28-7817840, mixed mode, tiered, compressed oops, g1 gc, windows-amd64)
Heap:
 garbage-first heap   total 254976K, used 178911K [0x0000000080000000, 0x0000000100000000)
  region size 1024K, 70 young (71680K), 6 survivors (6144K)
 Metaspace       used 113100K, capacity 115704K, committed 115968K, reserved 1150976K
  class space    used 14119K, capacity 15086K, committed 15104K, reserved 1048576K
GC Heap History (20 events):
Event: 35.465 GC heap before
{Heap before GC invocations=69 (full 0):
 garbage-first heap   total 211968K, used 148832K [0x0000000080000000, 0x0000000100000000)
  region size 1024K, 44 young (45056K), 2 survivors (2048K)
 Metaspace       used 104504K, capacity 106998K, committed 107264K, reserved 1142784K
  class space    used 13164K, capacity 14052K, committed 14080K, reserved 1048576K
}
Event: 35.468 GC heap after
{Heap after GC invocations=70 (full 0):
 garbage-first heap   total 211968K, used 104935K [0x0000000080000000, 0x0000000100000000)
  region size 1024K, 2 young (2048K), 2 survivors (2048K)
 Metaspace       used 104504K, capacity 106998K, committed 107264K, reserved 1142784K
  class space    used 13164K, capacity 14052K, committed 14080K, reserved 1048576K
}
Event: 35.490 GC heap before
{Heap before GC invocations=70 (full 0):
 garbage-first heap   total 211968K, used 112103K [0x0000000080000000, 0x0000000100000000)
  region size 1024K, 10 young (10240K), 2 survivors (2048K)
 Metaspace       used 104504K, capacity 106998K, committed 107264K, reserved 1142784K
  class space    used 13164K, capacity 14052K, committed 14080K, reserved 1048576K
}
Event: 35.494 GC heap after
{Heap after GC invocations=71 (full 0):
 garbage-first heap   total 211968K, used 96199K [0x0000000080000000, 0x0000000100000000)
  region size 1024K, 2 young (2048K), 2 survivors (2048K)
 Metaspace       used 104504K, capacity 106998K, committed 107264K, reserved 1142784K
  class space    used 13164K, capacity 14052K, committed 14080K, reserved 1048576K
}
Event: 35.680 GC heap before
{Heap before GC invocations=71 (full 0):
 garbage-first heap   total 211968K, used 146375K [0x0000000080000000, 0x0000000100000000)
  region size 1024K, 51 young (52224K), 2 survivors (2048K)
 Metaspace       used 104504K, capacity 106998K, committed 107264K, reserved 1142784K
  class space    used 13164K, capacity 14052K, committed 14080K, reserved 1048576K
}
Event: 35.683 GC heap after
{Heap after GC invocations=72 (full 0):
 garbage-first heap   total 211968K, used 97053K [0x0000000080000000, 0x0000000100000000)
  region size 1024K, 2 young (2048K), 2 survivors (2048K)
 Metaspace       used 104504K, capacity 106998K, committed 107264K, reserved 1142784K
  class space    used 13164K, capacity 14052K, committed 14080K, reserved 1048576K
}
Event: 38.345 GC heap before
{Heap before GC invocations=72 (full 0):
 garbage-first heap   total 211968K, used 153373K [0x0000000080000000, 0x0000000100000000)
  region size 1024K, 55 young (56320K), 2 survivors (2048K)
 Metaspace       used 106270K, capacity 108709K, committed 109056K, reserved 1144832K
  class space    used 13341K, capacity 14223K, committed 14336K, reserved 1048576K
}
Event: 38.351 GC heap after
{Heap after GC invocations=73 (full 0):
 garbage-first heap   total 211968K, used 97303K [0x0000000080000000, 0x0000000100000000)
  region size 1024K, 5 young (5120K), 5 survivors (5120K)
 Metaspace       used 106270K, capacity 108709K, committed 109056K, reserved 1144832K
  class space    used 13341K, capacity 14223K, committed 14336K, reserved 1048576K
}
Event: 39.201 GC heap before
{Heap before GC invocations=73 (full 0):
 garbage-first heap   total 211968K, used 153623K [0x0000000080000000, 0x0000000100000000)
  region size 1024K, 60 young (61440K), 5 survivors (5120K)
 Metaspace       used 109506K, capacity 111994K, committed 112256K, reserved 1146880K
  class space    used 13767K, capacity 14678K, committed 14720K, reserved 1048576K
}
Event: 39.209 GC heap after
{Heap after GC invocations=74 (full 0):
 garbage-first heap   total 211968K, used 97477K [0x0000000080000000, 0x0000000100000000)
  region size 1024K, 5 young (5120K), 5 survivors (5120K)
 Metaspace       used 109506K, capacity 111994K, committed 112256K, reserved 1146880K
  class space    used 13767K, capacity 14678K, committed 14720K, reserved 1048576K
}
Event: 40.359 GC heap before
{Heap before GC invocations=74 (full 0):
 garbage-first heap   total 211968K, used 156869K [0x0000000080000000, 0x0000000100000000)
  region size 1024K, 64 young (65536K), 5 survivors (5120K)
 Metaspace       used 110507K, capacity 113008K, committed 113152K, reserved 1146880K
  class space    used 13849K, capacity 14751K, committed 14848K, reserved 1048576K
}
Event: 40.375 GC heap after
{Heap after GC invocations=75 (full 0):
 garbage-first heap   total 211968K, used 100999K [0x0000000080000000, 0x0000000100000000)
  region size 1024K, 8 young (8192K), 8 survivors (8192K)
 Metaspace       used 110507K, capacity 113008K, committed 113152K, reserved 1146880K
  class space    used 13849K, capacity 14751K, committed 14848K, reserved 1048576K
}
Event: 41.002 GC heap before
{Heap before GC invocations=75 (full 0):
 garbage-first heap   total 211968K, used 161415K [0x0000000080000000, 0x0000000100000000)
  region size 1024K, 68 young (69632K), 8 survivors (8192K)
 Metaspace       used 111461K, capacity 113985K, committed 114304K, reserved 1148928K
  class space    used 13969K, capacity 14882K, committed 14976K, reserved 1048576K
}
Event: 41.021 GC heap after
{Heap after GC invocations=76 (full 0):
 garbage-first heap   total 211968K, used 102198K [0x0000000080000000, 0x0000000100000000)
  region size 1024K, 6 young (6144K), 6 survivors (6144K)
 Metaspace       used 111461K, capacity 113985K, committed 114304K, reserved 1148928K
  class space    used 13969K, capacity 14882K, committed 14976K, reserved 1048576K
}
Event: 41.928 GC heap before
{Heap before GC invocations=76 (full 0):
 garbage-first heap   total 211968K, used 163638K [0x0000000080000000, 0x0000000100000000)
  region size 1024K, 67 young (68608K), 6 survivors (6144K)
 Metaspace       used 111572K, capacity 114068K, committed 114304K, reserved 1148928K
  class space    used 13973K, capacity 14886K, committed 14976K, reserved 1048576K
}
Event: 41.948 GC heap after
{Heap after GC invocations=77 (full 0):
 garbage-first heap   total 211968K, used 107816K [0x0000000080000000, 0x0000000100000000)
  region size 1024K, 7 young (7168K), 7 survivors (7168K)
 Metaspace       used 111572K, capacity 114068K, committed 114304K, reserved 1148928K
  class space    used 13973K, capacity 14886K, committed 14976K, reserved 1048576K
}
Event: 42.513 GC heap before
{Heap before GC invocations=77 (full 0):
 garbage-first heap   total 211968K, used 167208K [0x0000000080000000, 0x0000000100000000)
  region size 1024K, 66 young (67584K), 7 survivors (7168K)
 Metaspace       used 111745K, capacity 114239K, committed 114560K, reserved 1148928K
  class space    used 13996K, capacity 14900K, committed 14976K, reserved 1048576K
}
Event: 42.532 GC heap after
{Heap after GC invocations=78 (full 0):
 garbage-first heap   total 254976K, used 112548K [0x0000000080000000, 0x0000000100000000)
  region size 1024K, 5 young (5120K), 5 survivors (5120K)
 Metaspace       used 111745K, capacity 114239K, committed 114560K, reserved 1148928K
  class space    used 13996K, capacity 14900K, committed 14976K, reserved 1048576K
}
Event: 43.012 GC heap before
{Heap before GC invocations=78 (full 0):
 garbage-first heap   total 254976K, used 188324K [0x0000000080000000, 0x0000000100000000)
  region size 1024K, 80 young (81920K), 5 survivors (5120K)
 Metaspace       used 112118K, capacity 114656K, committed 114816K, reserved 1148928K
  class space    used 14040K, capacity 14947K, committed 14976K, reserved 1048576K
}
Event: 43.021 GC heap after
{Heap after GC invocations=79 (full 0):
 garbage-first heap   total 254976K, used 113375K [0x0000000080000000, 0x0000000100000000)
  region size 1024K, 6 young (6144K), 6 survivors (6144K)
 Metaspace       used 112118K, capacity 114656K, committed 114816K, reserved 1148928K
  class space    used 14040K, capacity 14947K, committed 14976K, reserved 1048576K
}

