# JRE version: OpenJDK Runtime Environment (11.0.12+7) (build 11.0.12+7-b1504.28-7817840)
# Java VM: OpenJDK 64-Bit Server VM (11.0.12+7-b1504.28-7817840, mixed mode, tiered, compressed oops, g1 gc, windows-amd64)
Heap:
 garbage-first heap   total 57344K, used 24414K [0x0000000080000000, 0x0000000100000000)
  region size 1024K, 7 young (7168K), 2 survivors (2048K)
 Metaspace       used 29615K, capacity 30290K, committed 30336K, reserved 1075200K
  class space    used 3947K, capacity 4200K, committed 4224K, reserved 1048576K
GC Heap History (20 events):
Event: 1.410 GC heap before
{Heap before GC invocations=0 (full 0):
 garbage-first heap   total 57344K, used 30720K [0x0000000080000000, 0x0000000100000000)
  region size 1024K, 24 young (24576K), 0 survivors (0K)
 Metaspace       used 9848K, capacity 10050K, committed 10112K, reserved 1058816K
  class space    used 1027K, capacity 1102K, committed 1152K, reserved 1048576K
}
Event: 1.419 GC heap after
{Heap after GC invocations=1 (full 0):
 garbage-first heap   total 57344K, used 9550K [0x0000000080000000, 0x0000000100000000)
  region size 1024K, 3 young (3072K), 3 survivors (3072K)
 Metaspace       used 9848K, capacity 10050K, committed 10112K, reserved 1058816K
  class space    used 1027K, capacity 1102K, committed 1152K, reserved 1048576K
}
Event: 1.866 GC heap before
{Heap before GC invocations=1 (full 0):
 garbage-first heap   total 57344K, used 31054K [0x0000000080000000, 0x0000000100000000)
  region size 1024K, 24 young (24576K), 3 survivors (3072K)
 Metaspace       used 10798K, capacity 11005K, committed 11264K, reserved 1058816K
  class space    used 1129K, capacity 1207K, committed 1280K, reserved 1048576K
}
Event: 1.872 GC heap after
{Heap after GC invocations=2 (full 0):
 garbage-first heap   total 57344K, used 9809K [0x0000000080000000, 0x0000000100000000)
  region size 1024K, 1 young (1024K), 1 survivors (1024K)
 Metaspace       used 10798K, capacity 11005K, committed 11264K, reserved 1058816K
  class space    used 1129K, capacity 1207K, committed 1280K, reserved 1048576K
}
Event: 2.227 GC heap before
{Heap before GC invocations=2 (full 0):
 garbage-first heap   total 57344K, used 32337K [0x0000000080000000, 0x0000000100000000)
  region size 1024K, 23 young (23552K), 1 survivors (1024K)
 Metaspace       used 10997K, capacity 11253K, committed 11520K, reserved 1058816K
  class space    used 1162K, capacity 1247K, committed 1280K, reserved 1048576K
}
Event: 2.231 GC heap after
{Heap after GC invocations=3 (full 0):
 garbage-first heap   total 57344K, used 13837K [0x0000000080000000, 0x0000000100000000)
  region size 1024K, 3 young (3072K), 3 survivors (3072K)
 Metaspace       used 10997K, capacity 11253K, committed 11520K, reserved 1058816K
  class space    used 1162K, capacity 1247K, committed 1280K, reserved 1048576K
}
Event: 3.782 GC heap before
{Heap before GC invocations=3 (full 0):
 garbage-first heap   total 57344K, used 35341K [0x0000000080000000, 0x0000000100000000)
  region size 1024K, 24 young (24576K), 3 survivors (3072K)
 Metaspace       used 16802K, capacity 17160K, committed 17280K, reserved 1064960K
  class space    used 1943K, capacity 2066K, committed 2176K, reserved 1048576K
}
Event: 3.788 GC heap after
{Heap after GC invocations=4 (full 0):
 garbage-first heap   total 57344K, used 15988K [0x0000000080000000, 0x0000000100000000)
  region size 1024K, 2 young (2048K), 2 survivors (2048K)
 Metaspace       used 16802K, capacity 17160K, committed 17280K, reserved 1064960K
  class space    used 1943K, capacity 2066K, committed 2176K, reserved 1048576K
}
Event: 4.171 GC heap before
{Heap before GC invocations=4 (full 0):
 garbage-first heap   total 57344K, used 37492K [0x0000000080000000, 0x0000000100000000)
  region size 1024K, 23 young (23552K), 2 survivors (2048K)
 Metaspace       used 19091K, capacity 19520K, committed 19712K, reserved 1067008K
  class space    used 2324K, capacity 2471K, committed 2560K, reserved 1048576K
}
Event: 4.175 GC heap after
{Heap after GC invocations=5 (full 0):
 garbage-first heap   total 57344K, used 16875K [0x0000000080000000, 0x0000000100000000)
  region size 1024K, 1 young (1024K), 1 survivors (1024K)
 Metaspace       used 19091K, capacity 19520K, committed 19712K, reserved 1067008K
  class space    used 2324K, capacity 2471K, committed 2560K, reserved 1048576K
}
Event: 4.419 GC heap before
{Heap before GC invocations=5 (full 0):
 garbage-first heap   total 57344K, used 30187K [0x0000000080000000, 0x0000000100000000)
  region size 1024K, 15 young (15360K), 1 survivors (1024K)
 Metaspace       used 20722K, capacity 21131K, committed 21248K, reserved 1067008K
  class space    used 2548K, capacity 2710K, committed 2816K, reserved 1048576K
}
Event: 4.424 GC heap after
{Heap after GC invocations=6 (full 0):
 garbage-first heap   total 57344K, used 17306K [0x0000000080000000, 0x0000000100000000)
  region size 1024K, 2 young (2048K), 2 survivors (2048K)
 Metaspace       used 20722K, capacity 21131K, committed 21248K, reserved 1067008K
  class space    used 2548K, capacity 2710K, committed 2816K, reserved 1048576K
}
Event: 4.713 GC heap before
{Heap before GC invocations=7 (full 0):
 garbage-first heap   total 57344K, used 37786K [0x0000000080000000, 0x0000000100000000)
  region size 1024K, 22 young (22528K), 2 survivors (2048K)
 Metaspace       used 22784K, capacity 23326K, committed 23552K, reserved 1069056K
  class space    used 2878K, capacity 3064K, committed 3072K, reserved 1048576K
}
Event: 4.715 GC heap after
{Heap after GC invocations=8 (full 0):
 garbage-first heap   total 57344K, used 17832K [0x0000000080000000, 0x0000000100000000)
  region size 1024K, 2 young (2048K), 2 survivors (2048K)
 Metaspace       used 22784K, capacity 23326K, committed 23552K, reserved 1069056K
  class space    used 2878K, capacity 3064K, committed 3072K, reserved 1048576K
}
Event: 5.082 GC heap before
{Heap before GC invocations=8 (full 0):
 garbage-first heap   total 57344K, used 39336K [0x0000000080000000, 0x0000000100000000)
  region size 1024K, 23 young (23552K), 2 survivors (2048K)
 Metaspace       used 24969K, capacity 25545K, committed 25728K, reserved 1071104K
  class space    used 3198K, capacity 3420K, committed 3456K, reserved 1048576K
}
Event: 5.086 GC heap after
{Heap after GC invocations=9 (full 0):
 garbage-first heap   total 57344K, used 18690K [0x0000000080000000, 0x0000000100000000)
  region size 1024K, 2 young (2048K), 2 survivors (2048K)
 Metaspace       used 24969K, capacity 25545K, committed 25728K, reserved 1071104K
  class space    used 3198K, capacity 3420K, committed 3456K, reserved 1048576K
}
Event: 5.490 GC heap before
{Heap before GC invocations=9 (full 0):
 garbage-first heap   total 57344K, used 40194K [0x0000000080000000, 0x0000000100000000)
  region size 1024K, 23 young (23552K), 2 survivors (2048K)
 Metaspace       used 27249K, capacity 27822K, committed 27904K, reserved 1073152K
  class space    used 3572K, capacity 3802K, committed 3840K, reserved 1048576K
}
Event: 5.495 GC heap after
{Heap after GC invocations=10 (full 0):
 garbage-first heap   total 57344K, used 19715K [0x0000000080000000, 0x0000000100000000)
  region size 1024K, 3 young (3072K), 3 survivors (3072K)
 Metaspace       used 27249K, capacity 27822K, committed 27904K, reserved 1073152K
  class space    used 3572K, capacity 3802K, committed 3840K, reserved 1048576K
}
Event: 5.862 GC heap before
{Heap before GC invocations=10 (full 0):
 garbage-first heap   total 57344K, used 41219K [0x0000000080000000, 0x0000000100000000)
  region size 1024K, 24 young (24576K), 3 survivors (3072K)
 Metaspace       used 29184K, capacity 29888K, committed 30080K, reserved 1075200K
  class space    used 3881K, capacity 4131K, committed 4224K, reserved 1048576K
}
Event: 5.865 GC heap after
{Heap after GC invocations=11 (full 0):
 garbage-first heap   total 57344K, used 20318K [0x0000000080000000, 0x0000000100000000)
  region size 1024K, 2 young (2048K), 2 survivors (2048K)
 Metaspace       used 29184K, capacity 29888K, committed 30080K, reserved 1075200K
  class space    used 3881K, capacity 4131K, committed 4224K, reserved 1048576K
}

