# JRE version: OpenJDK Runtime Environment (11.0.12+7) (build 11.0.12+7-b1504.28-7817840)
# Java VM: OpenJDK 64-Bit Server VM (11.0.12+7-b1504.28-7817840, mixed mode, tiered, compressed oops, g1 gc, windows-amd64)
Heap:
 garbage-first heap   total 456704K, used 315904K [0x0000000080000000, 0x0000000100000000)
  region size 1024K, 53 young (54272K), 5 survivors (5120K)
 Metaspace       used 115044K, capacity 118185K, committed 118348K, reserved 1153024K
  class space    used 14345K, capacity 15438K, committed 15488K, reserved 1048576K
GC Heap History (20 events):
Event: 97.676 GC heap before
{Heap before GC invocations=89 (full 0):
 garbage-first heap   total 284672K, used 198962K [0x0000000080000000, 0x0000000100000000)
  region size 1024K, 58 young (59392K), 2 survivors (2048K)
 Metaspace       used 100042K, capacity 102684K, committed 102860K, reserved 1138688K
  class space    used 12310K, capacity 13246K, committed 13312K, reserved 1048576K
}
Event: 97.686 GC heap after
{Heap after GC invocations=90 (full 0):
 garbage-first heap   total 284672K, used 142825K [0x0000000080000000, 0x0000000100000000)
  region size 1024K, 4 young (4096K), 4 survivors (4096K)
 Metaspace       used 100042K, capacity 102684K, committed 102860K, reserved 1138688K
  class space    used 12310K, capacity 13246K, committed 13312K, reserved 1048576K
}
Event: 99.641 GC heap before
{Heap before GC invocations=90 (full 0):
 garbage-first heap   total 284672K, used 212457K [0x0000000080000000, 0x0000000100000000)
  region size 1024K, 72 young (73728K), 4 survivors (4096K)
 Metaspace       used 103811K, capacity 106423K, committed 106700K, reserved 1142784K
  class space    used 12778K, capacity 13701K, committed 13824K, reserved 1048576K
}
Event: 99.654 GC heap after
{Heap after GC invocations=91 (full 0):
 garbage-first heap   total 284672K, used 144200K [0x0000000080000000, 0x0000000100000000)
  region size 1024K, 5 young (5120K), 5 survivors (5120K)
 Metaspace       used 103811K, capacity 106423K, committed 106700K, reserved 1142784K
  class space    used 12778K, capacity 13701K, committed 13824K, reserved 1048576K
}
Event: 101.415 GC heap before
{Heap before GC invocations=91 (full 0):
 garbage-first heap   total 284672K, used 225096K [0x0000000080000000, 0x0000000100000000)
  region size 1024K, 85 young (87040K), 5 survivors (5120K)
 Metaspace       used 104879K, capacity 107504K, committed 107852K, reserved 1142784K
  class space    used 12903K, capacity 13859K, committed 13952K, reserved 1048576K
}
Event: 101.437 GC heap after
{Heap after GC invocations=92 (full 0):
 garbage-first heap   total 284672K, used 149846K [0x0000000080000000, 0x0000000100000000)
  region size 1024K, 10 young (10240K), 10 survivors (10240K)
 Metaspace       used 104879K, capacity 107504K, committed 107852K, reserved 1142784K
  class space    used 12903K, capacity 13859K, committed 13952K, reserved 1048576K
}
Event: 102.406 GC heap before
{Heap before GC invocations=92 (full 0):
 garbage-first heap   total 284672K, used 226646K [0x0000000080000000, 0x0000000100000000)
  region size 1024K, 86 young (88064K), 10 survivors (10240K)
 Metaspace       used 105323K, capacity 107978K, committed 108108K, reserved 1142784K
  class space    used 12943K, capacity 13907K, committed 13952K, reserved 1048576K
}
Event: 102.464 GC heap after
{Heap after GC invocations=93 (full 0):
 garbage-first heap   total 284672K, used 155682K [0x0000000080000000, 0x0000000100000000)
  region size 1024K, 7 young (7168K), 7 survivors (7168K)
 Metaspace       used 105323K, capacity 107978K, committed 108108K, reserved 1142784K
  class space    used 12943K, capacity 13907K, committed 13952K, reserved 1048576K
}
Event: 103.947 GC heap before
{Heap before GC invocations=93 (full 0):
 garbage-first heap   total 284672K, used 235554K [0x0000000080000000, 0x0000000100000000)
  region size 1024K, 80 young (81920K), 7 survivors (7168K)
 Metaspace       used 106424K, capacity 109151K, committed 109260K, reserved 1144832K
  class space    used 13072K, capacity 14066K, committed 14080K, reserved 1048576K
}
Event: 103.976 GC heap after
{Heap after GC invocations=94 (full 0):
 garbage-first heap   total 284672K, used 175104K [0x0000000080000000, 0x0000000100000000)
  region size 1024K, 10 young (10240K), 10 survivors (10240K)
 Metaspace       used 106424K, capacity 109151K, committed 109260K, reserved 1144832K
  class space    used 13072K, capacity 14066K, committed 14080K, reserved 1048576K
}
Event: 105.730 GC heap before
{Heap before GC invocations=94 (full 0):
 garbage-first heap   total 284672K, used 229376K [0x0000000080000000, 0x0000000100000000)
  region size 1024K, 64 young (65536K), 10 survivors (10240K)
 Metaspace       used 108574K, capacity 111278K, committed 111308K, reserved 1146880K
  class space    used 13351K, capacity 14325K, committed 14336K, reserved 1048576K
}
Event: 105.769 GC heap after
{Heap after GC invocations=95 (full 0):
 garbage-first heap   total 342016K, used 180376K [0x0000000080000000, 0x0000000100000000)
  region size 1024K, 4 young (4096K), 4 survivors (4096K)
 Metaspace       used 108574K, capacity 111278K, committed 111308K, reserved 1146880K
  class space    used 13351K, capacity 14325K, committed 14336K, reserved 1048576K
}
Event: 106.583 GC heap before
{Heap before GC invocations=95 (full 0):
 garbage-first heap   total 342016K, used 270488K [0x0000000080000000, 0x0000000100000000)
  region size 1024K, 80 young (81920K), 4 survivors (4096K)
 Metaspace       used 109847K, capacity 112585K, committed 112844K, reserved 1146880K
  class space    used 13492K, capacity 14476K, committed 14592K, reserved 1048576K
}
Event: 106.614 GC heap after
{Heap after GC invocations=96 (full 0):
 garbage-first heap   total 342016K, used 200167K [0x0000000080000000, 0x0000000100000000)
  region size 1024K, 10 young (10240K), 10 survivors (10240K)
 Metaspace       used 109847K, capacity 112585K, committed 112844K, reserved 1146880K
  class space    used 13492K, capacity 14476K, committed 14592K, reserved 1048576K
}
Event: 108.368 GC heap before
{Heap before GC invocations=96 (full 0):
 garbage-first heap   total 342016K, used 271847K [0x0000000080000000, 0x0000000100000000)
  region size 1024K, 77 young (78848K), 10 survivors (10240K)
 Metaspace       used 112248K, capacity 115134K, committed 115404K, reserved 1148928K
  class space    used 13982K, capacity 15012K, committed 15104K, reserved 1048576K
}
Event: 108.474 GC heap after
{Heap after GC invocations=97 (full 0):
 garbage-first heap   total 342016K, used 225136K [0x0000000080000000, 0x0000000100000000)
  region size 1024K, 10 young (10240K), 10 survivors (10240K)
 Metaspace       used 112248K, capacity 115134K, committed 115404K, reserved 1148928K
  class space    used 13982K, capacity 15012K, committed 15104K, reserved 1048576K
}
Event: 108.913 GC heap before
{Heap before GC invocations=97 (full 0):
 garbage-first heap   total 342016K, used 274288K [0x0000000080000000, 0x0000000100000000)
  region size 1024K, 59 young (60416K), 10 survivors (10240K)
 Metaspace       used 112403K, capacity 115281K, committed 115404K, reserved 1148928K
  class space    used 13982K, capacity 15012K, committed 15104K, reserved 1048576K
}
Event: 109.004 GC heap after
{Heap after GC invocations=98 (full 0):
 garbage-first heap   total 342016K, used 250880K [0x0000000080000000, 0x0000000100000000)
  region size 1024K, 8 young (8192K), 8 survivors (8192K)
 Metaspace       used 112403K, capacity 115281K, committed 115404K, reserved 1148928K
  class space    used 13982K, capacity 15012K, committed 15104K, reserved 1048576K
}
Event: 109.248 GC heap before
{Heap before GC invocations=98 (full 0):
 garbage-first heap   total 342016K, used 281600K [0x0000000080000000, 0x0000000100000000)
  region size 1024K, 38 young (38912K), 8 survivors (8192K)
 Metaspace       used 112409K, capacity 115281K, committed 115404K, reserved 1148928K
  class space    used 13982K, capacity 15012K, committed 15104K, reserved 1048576K
}
Event: 109.320 GC heap after
{Heap after GC invocations=99 (full 0):
 garbage-first heap   total 456704K, used 267776K [0x0000000080000000, 0x0000000100000000)
  region size 1024K, 5 young (5120K), 5 survivors (5120K)
 Metaspace       used 112409K, capacity 115281K, committed 115404K, reserved 1148928K
  class space    used 13982K, capacity 15012K, committed 15104K, reserved 1048576K
}

