# JRE version: OpenJDK Runtime Environment (11.0.12+7) (build 11.0.12+7-b1504.28-7817840)
# Java VM: OpenJDK 64-Bit Server VM (11.0.12+7-b1504.28-7817840, mixed mode, tiered, compressed oops, g1 gc, windows-amd64)
Heap:
 garbage-first heap   total 146432K, used 77888K [0x0000000080000000, 0x0000000100000000)
  region size 1024K, 2 young (2048K), 2 survivors (2048K)
 Metaspace       used 66856K, capacity 68716K, committed 68864K, reserved 1110016K
  class space    used 8486K, capacity 9147K, committed 9216K, reserved 1048576K
GC Heap History (20 events):
Event: 41.513 GC heap after
{Heap after GC invocations=66 (full 0):
 garbage-first heap   total 83968K, used 70909K [0x0000000080000000, 0x0000000100000000)
  region size 1024K, 1 young (1024K), 1 survivors (1024K)
 Metaspace       used 51816K, capacity 53500K, committed 53632K, reserved 1095680K
  class space    used 6663K, capacity 7239K, committed 7296K, reserved 1048576K
}
Event: 41.623 GC heap before
{Heap before GC invocations=66 (full 0):
 garbage-first heap   total 83968K, used 73981K [0x0000000080000000, 0x0000000100000000)
  region size 1024K, 4 young (4096K), 1 survivors (1024K)
 Metaspace       used 52094K, capacity 53763K, committed 53888K, reserved 1095680K
  class space    used 6710K, capacity 7284K, committed 7296K, reserved 1048576K
}
Event: 41.627 GC heap after
{Heap after GC invocations=67 (full 0):
 garbage-first heap   total 83968K, used 71020K [0x0000000080000000, 0x0000000100000000)
  region size 1024K, 1 young (1024K), 1 survivors (1024K)
 Metaspace       used 52094K, capacity 53763K, committed 53888K, reserved 1095680K
  class space    used 6710K, capacity 7284K, committed 7296K, reserved 1048576K
}
Event: 41.727 GC heap before
{Heap before GC invocations=68 (full 0):
 garbage-first heap   total 83968K, used 73068K [0x0000000080000000, 0x0000000100000000)
  region size 1024K, 4 young (4096K), 1 survivors (1024K)
 Metaspace       used 52474K, capacity 54147K, committed 54272K, reserved 1095680K
  class space    used 6762K, capacity 7348K, committed 7424K, reserved 1048576K
}
Event: 41.729 GC heap after
{Heap after GC invocations=69 (full 0):
 garbage-first heap   total 101376K, used 71116K [0x0000000080000000, 0x0000000100000000)
  region size 1024K, 1 young (1024K), 1 survivors (1024K)
 Metaspace       used 52474K, capacity 54147K, committed 54272K, reserved 1095680K
  class space    used 6762K, capacity 7348K, committed 7424K, reserved 1048576K
}
Event: 42.015 GC heap before
{Heap before GC invocations=69 (full 0):
 garbage-first heap   total 101376K, used 79308K [0x0000000080000000, 0x0000000100000000)
  region size 1024K, 10 young (10240K), 1 survivors (1024K)
 Metaspace       used 53724K, capacity 55443K, committed 55680K, reserved 1097728K
  class space    used 6899K, capacity 7483K, committed 7552K, reserved 1048576K
}
Event: 42.020 GC heap after
{Heap after GC invocations=70 (full 0):
 garbage-first heap   total 101376K, used 71294K [0x0000000080000000, 0x0000000100000000)
  region size 1024K, 1 young (1024K), 1 survivors (1024K)
 Metaspace       used 53724K, capacity 55443K, committed 55680K, reserved 1097728K
  class space    used 6899K, capacity 7483K, committed 7552K, reserved 1048576K
}
Event: 42.525 GC heap before
{Heap before GC invocations=71 (full 0):
 garbage-first heap   total 101376K, used 81534K [0x0000000080000000, 0x0000000100000000)
  region size 1024K, 11 young (11264K), 1 survivors (1024K)
 Metaspace       used 54956K, capacity 56697K, committed 56960K, reserved 1097728K
  class space    used 7067K, capacity 7684K, committed 7808K, reserved 1048576K
}
Event: 42.528 GC heap after
{Heap after GC invocations=72 (full 0):
 garbage-first heap   total 101376K, used 71614K [0x0000000080000000, 0x0000000100000000)
  region size 1024K, 1 young (1024K), 1 survivors (1024K)
 Metaspace       used 54956K, capacity 56697K, committed 56960K, reserved 1097728K
  class space    used 7067K, capacity 7684K, committed 7808K, reserved 1048576K
}
Event: 42.989 GC heap before
{Heap before GC invocations=72 (full 0):
 garbage-first heap   total 101376K, used 80830K [0x0000000080000000, 0x0000000100000000)
  region size 1024K, 11 young (11264K), 1 survivors (1024K)
 Metaspace       used 56257K, capacity 57944K, committed 58112K, reserved 1099776K
  class space    used 7226K, capacity 7847K, committed 7936K, reserved 1048576K
}
Event: 42.995 GC heap after
{Heap after GC invocations=73 (full 0):
 garbage-first heap   total 101376K, used 71981K [0x0000000080000000, 0x0000000100000000)
  region size 1024K, 2 young (2048K), 2 survivors (2048K)
 Metaspace       used 56257K, capacity 57944K, committed 58112K, reserved 1099776K
  class space    used 7226K, capacity 7847K, committed 7936K, reserved 1048576K
}
Event: 43.575 GC heap before
{Heap before GC invocations=74 (full 0):
 garbage-first heap   total 101376K, used 81197K [0x0000000080000000, 0x0000000100000000)
  region size 1024K, 12 young (12288K), 2 survivors (2048K)
 Metaspace       used 57698K, capacity 59443K, committed 59520K, reserved 1101824K
  class space    used 7420K, capacity 8026K, committed 8064K, reserved 1048576K
}
Event: 43.580 GC heap after
{Heap after GC invocations=75 (full 0):
 garbage-first heap   total 121856K, used 72471K [0x0000000080000000, 0x0000000100000000)
  region size 1024K, 2 young (2048K), 2 survivors (2048K)
 Metaspace       used 57698K, capacity 59443K, committed 59520K, reserved 1101824K
  class space    used 7420K, capacity 8026K, committed 8064K, reserved 1048576K
}
Event: 44.439 GC heap before
{Heap before GC invocations=75 (full 0):
 garbage-first heap   total 121856K, used 90903K [0x0000000080000000, 0x0000000100000000)
  region size 1024K, 20 young (20480K), 2 survivors (2048K)
 Metaspace       used 60659K, capacity 62415K, committed 62592K, reserved 1103872K
  class space    used 7706K, capacity 8292K, committed 8320K, reserved 1048576K
}
Event: 44.446 GC heap after
{Heap after GC invocations=76 (full 0):
 garbage-first heap   total 121856K, used 73011K [0x0000000080000000, 0x0000000100000000)
  region size 1024K, 3 young (3072K), 3 survivors (3072K)
 Metaspace       used 60659K, capacity 62415K, committed 62592K, reserved 1103872K
  class space    used 7706K, capacity 8292K, committed 8320K, reserved 1048576K
}
Event: 45.571 GC heap before
{Heap before GC invocations=77 (full 0):
 garbage-first heap   total 121856K, used 92467K [0x0000000080000000, 0x0000000100000000)
  region size 1024K, 22 young (22528K), 3 survivors (3072K)
 Metaspace       used 63793K, capacity 65732K, committed 65920K, reserved 1105920K
  class space    used 8122K, capacity 8819K, committed 8832K, reserved 1048576K
}
Event: 45.576 GC heap after
{Heap after GC invocations=78 (full 0):
 garbage-first heap   total 121856K, used 74611K [0x0000000080000000, 0x0000000100000000)
  region size 1024K, 3 young (3072K), 3 survivors (3072K)
 Metaspace       used 63793K, capacity 65732K, committed 65920K, reserved 1105920K
  class space    used 8122K, capacity 8819K, committed 8832K, reserved 1048576K
}
Event: 46.050 GC heap before
{Heap before GC invocations=78 (full 0):
 garbage-first heap   total 121856K, used 94067K [0x0000000080000000, 0x0000000100000000)
  region size 1024K, 23 young (23552K), 3 survivors (3072K)
 Metaspace       used 65376K, capacity 67242K, committed 67456K, reserved 1107968K
  class space    used 8305K, capacity 8980K, committed 9088K, reserved 1048576K
}
Event: 46.060 GC heap after
{Heap after GC invocations=79 (full 0):
 garbage-first heap   total 121856K, used 76691K [0x0000000080000000, 0x0000000100000000)
  region size 1024K, 3 young (3072K), 3 survivors (3072K)
 Metaspace       used 65376K, capacity 67242K, committed 67456K, reserved 1107968K
  class space    used 8305K, capacity 8980K, committed 9088K, reserved 1048576K
}
Event: 46.664 GC heap before
{Heap before GC invocations=80 (full 0):
 garbage-first heap   total 121856K, used 96147K [0x0000000080000000, 0x0000000100000000)
  region size 1024K, 22 young (22528K), 3 survivors (3072K)
 Metaspace       used 66856K, capacity 68716K, committed 68864K, reserved 1110016K
  class space    used 8486K, capacity 9147K, committed 9216K, reserved 1048576K
}

