# JRE version: OpenJDK Runtime Environment (11.0.12+7) (build 11.0.12+7-b1504.28-7817840)
# Java VM: OpenJDK 64-Bit Server VM (11.0.12+7-b1504.28-7817840, mixed mode, tiered, compressed oops, g1 gc, windows-amd64)
Heap:
 garbage-first heap   total 254976K, used 143718K [0x0000000080000000, 0x0000000100000000)
  region size 1024K, 4 young (4096K), 4 survivors (4096K)
 Metaspace       used 90002K, capacity 92220K, committed 92544K, reserved 1130496K
  class space    used 11477K, capacity 12296K, committed 12416K, reserved 1048576K
GC Heap History (20 events):
Event: 17.206 GC heap after
{Heap after GC invocations=51 (full 0):
 garbage-first heap   total 176128K, used 75040K [0x0000000080000000, 0x0000000100000000)
  region size 1024K, 4 young (4096K), 4 survivors (4096K)
 Metaspace       used 84978K, capacity 87356K, committed 87552K, reserved 1124352K
  class space    used 11077K, capacity 11971K, committed 12032K, reserved 1048576K
}
Event: 17.954 GC heap before
{Heap before GC invocations=52 (full 0):
 garbage-first heap   total 176128K, used 127264K [0x0000000080000000, 0x0000000100000000)
  region size 1024K, 52 young (53248K), 4 survivors (4096K)
 Metaspace       used 86356K, capacity 88794K, committed 88960K, reserved 1126400K
  class space    used 11241K, capacity 12145K, committed 12160K, reserved 1048576K
}
Event: 17.975 GC heap after
{Heap after GC invocations=53 (full 0):
 garbage-first heap   total 176128K, used 92595K [0x0000000080000000, 0x0000000100000000)
  region size 1024K, 7 young (7168K), 7 survivors (7168K)
 Metaspace       used 86356K, capacity 88794K, committed 88960K, reserved 1126400K
  class space    used 11241K, capacity 12145K, committed 12160K, reserved 1048576K
}
Event: 18.871 GC heap before
{Heap before GC invocations=53 (full 0):
 garbage-first heap   total 176128K, used 129459K [0x0000000080000000, 0x0000000100000000)
  region size 1024K, 43 young (44032K), 7 survivors (7168K)
 Metaspace       used 86907K, capacity 89295K, committed 89600K, reserved 1126400K
  class space    used 11283K, capacity 12182K, committed 12288K, reserved 1048576K
}
Event: 18.884 GC heap after
{Heap after GC invocations=54 (full 0):
 garbage-first heap   total 176128K, used 100037K [0x0000000080000000, 0x0000000100000000)
  region size 1024K, 6 young (6144K), 6 survivors (6144K)
 Metaspace       used 86907K, capacity 89295K, committed 89600K, reserved 1126400K
  class space    used 11283K, capacity 12182K, committed 12288K, reserved 1048576K
}
Event: 19.435 GC heap before
{Heap before GC invocations=55 (full 0):
 garbage-first heap   total 176128K, used 132805K [0x0000000080000000, 0x0000000100000000)
  region size 1024K, 39 young (39936K), 6 survivors (6144K)
 Metaspace       used 86824K, capacity 89095K, committed 89600K, reserved 1126400K
  class space    used 11208K, capacity 12046K, committed 12288K, reserved 1048576K
}
Event: 19.447 GC heap after
{Heap after GC invocations=56 (full 0):
 garbage-first heap   total 176128K, used 107520K [0x0000000080000000, 0x0000000100000000)
  region size 1024K, 5 young (5120K), 5 survivors (5120K)
 Metaspace       used 86824K, capacity 89095K, committed 89600K, reserved 1126400K
  class space    used 11208K, capacity 12046K, committed 12288K, reserved 1048576K
}
Event: 19.571 GC heap before
{Heap before GC invocations=56 (full 0):
 garbage-first heap   total 176128K, used 116736K [0x0000000080000000, 0x0000000100000000)
  region size 1024K, 16 young (16384K), 5 survivors (5120K)
 Metaspace       used 86824K, capacity 89095K, committed 89600K, reserved 1126400K
  class space    used 11208K, capacity 12046K, committed 12288K, reserved 1048576K
}
Event: 19.579 GC heap after
{Heap after GC invocations=57 (full 0):
 garbage-first heap   total 211968K, used 111968K [0x0000000080000000, 0x0000000100000000)
  region size 1024K, 4 young (4096K), 4 survivors (4096K)
 Metaspace       used 86824K, capacity 89095K, committed 89600K, reserved 1126400K
  class space    used 11208K, capacity 12046K, committed 12288K, reserved 1048576K
}
Event: 20.018 GC heap before
{Heap before GC invocations=58 (full 0):
 garbage-first heap   total 211968K, used 150880K [0x0000000080000000, 0x0000000100000000)
  region size 1024K, 39 young (39936K), 4 survivors (4096K)
 Metaspace       used 87036K, capacity 89226K, committed 89856K, reserved 1126400K
  class space    used 11229K, capacity 12047K, committed 12288K, reserved 1048576K
}
Event: 20.037 GC heap after
{Heap after GC invocations=59 (full 0):
 garbage-first heap   total 211968K, used 125699K [0x0000000080000000, 0x0000000100000000)
  region size 1024K, 5 young (5120K), 5 survivors (5120K)
 Metaspace       used 87036K, capacity 89226K, committed 89856K, reserved 1126400K
  class space    used 11229K, capacity 12047K, committed 12288K, reserved 1048576K
}
Event: 20.416 GC heap before
{Heap before GC invocations=59 (full 0):
 garbage-first heap   total 211968K, used 134915K [0x0000000080000000, 0x0000000100000000)
  region size 1024K, 16 young (16384K), 5 survivors (5120K)
 Metaspace       used 87229K, capacity 89419K, committed 90112K, reserved 1126400K
  class space    used 11239K, capacity 12047K, committed 12288K, reserved 1048576K
}
Event: 20.424 GC heap after
{Heap after GC invocations=60 (full 0):
 garbage-first heap   total 211968K, used 126955K [0x0000000080000000, 0x0000000100000000)
  region size 1024K, 2 young (2048K), 2 survivors (2048K)
 Metaspace       used 87229K, capacity 89419K, committed 90112K, reserved 1126400K
  class space    used 11239K, capacity 12047K, committed 12288K, reserved 1048576K
}
Event: 21.151 GC heap before
{Heap before GC invocations=61 (full 0):
 garbage-first heap   total 211968K, used 162795K [0x0000000080000000, 0x0000000100000000)
  region size 1024K, 30 young (30720K), 2 survivors (2048K)
 Metaspace       used 87354K, capacity 89583K, committed 90112K, reserved 1126400K
  class space    used 11246K, capacity 12080K, committed 12288K, reserved 1048576K
}
Event: 21.163 GC heap after
{Heap after GC invocations=62 (full 0):
 garbage-first heap   total 211968K, used 130340K [0x0000000080000000, 0x0000000100000000)
  region size 1024K, 4 young (4096K), 4 survivors (4096K)
 Metaspace       used 87354K, capacity 89583K, committed 90112K, reserved 1126400K
  class space    used 11246K, capacity 12080K, committed 12288K, reserved 1048576K
}
Event: 21.395 GC heap before
{Heap before GC invocations=62 (full 0):
 garbage-first heap   total 211968K, used 141604K [0x0000000080000000, 0x0000000100000000)
  region size 1024K, 17 young (17408K), 4 survivors (4096K)
 Metaspace       used 87382K, capacity 89589K, committed 90112K, reserved 1126400K
  class space    used 11249K, capacity 12082K, committed 12288K, reserved 1048576K
}
Event: 21.408 GC heap after
{Heap after GC invocations=63 (full 0):
 garbage-first heap   total 211968K, used 135713K [0x0000000080000000, 0x0000000100000000)
  region size 1024K, 5 young (5120K), 5 survivors (5120K)
 Metaspace       used 87382K, capacity 89589K, committed 90112K, reserved 1126400K
  class space    used 11249K, capacity 12082K, committed 12288K, reserved 1048576K
}
Event: 21.696 GC heap before
{Heap before GC invocations=64 (full 0):
 garbage-first heap   total 211968K, used 175649K [0x0000000080000000, 0x0000000100000000)
  region size 1024K, 28 young (28672K), 5 survivors (5120K)
 Metaspace       used 87927K, capacity 90200K, committed 90624K, reserved 1128448K
  class space    used 11296K, capacity 12101K, committed 12288K, reserved 1048576K
}
Event: 21.706 GC heap after
{Heap after GC invocations=65 (full 0):
 garbage-first heap   total 211968K, used 139710K [0x0000000080000000, 0x0000000100000000)
  region size 1024K, 4 young (4096K), 4 survivors (4096K)
 Metaspace       used 87927K, capacity 90200K, committed 90624K, reserved 1128448K
  class space    used 11296K, capacity 12101K, committed 12288K, reserved 1048576K
}
Event: 22.014 GC heap before
{Heap before GC invocations=65 (full 0):
 garbage-first heap   total 211968K, used 162238K [0x0000000080000000, 0x0000000100000000)
  region size 1024K, 27 young (27648K), 4 survivors (4096K)
 Metaspace       used 90002K, capacity 92220K, committed 92544K, reserved 1130496K
  class space    used 11477K, capacity 12296K, committed 12416K, reserved 1048576K
}

