# JRE version: OpenJDK Runtime Environment (11.0.12+7) (build 11.0.12+7-b1504.28-7817840)
# Java VM: OpenJDK 64-Bit Server VM (11.0.12+7-b1504.28-7817840, mixed mode, tiered, compressed oops, g1 gc, windows-amd64)
Heap:
 garbage-first heap   total 176128K, used 134746K [0x0000000080000000, 0x0000000100000000)
  region size 1024K, 24 young (24576K), 3 survivors (3072K)
 Metaspace       used 94960K, capacity 97543K, committed 97792K, reserved 1134592K
  class space    used 12281K, capacity 13189K, committed 13312K, reserved 1048576K
GC Heap History (20 events):
Event: 21.064 GC heap before
{Heap before GC invocations=56 (full 0):
 garbage-first heap   total 146432K, used 110942K [0x0000000080000000, 0x0000000100000000)
  region size 1024K, 38 young (38912K), 3 survivors (3072K)
 Metaspace       used 67625K, capacity 69518K, committed 69632K, reserved 1110016K
  class space    used 8698K, capacity 9400K, committed 9472K, reserved 1048576K
}
Event: 21.077 GC heap after
{Heap after GC invocations=57 (full 0):
 garbage-first heap   total 146432K, used 76749K [0x0000000080000000, 0x0000000100000000)
  region size 1024K, 3 young (3072K), 3 survivors (3072K)
 Metaspace       used 67625K, capacity 69518K, committed 69632K, reserved 1110016K
  class space    used 8698K, capacity 9400K, committed 9472K, reserved 1048576K
}
Event: 22.000 GC heap before
{Heap before GC invocations=58 (full 0):
 garbage-first heap   total 146432K, used 112589K [0x0000000080000000, 0x0000000100000000)
  region size 1024K, 38 young (38912K), 3 survivors (3072K)
 Metaspace       used 71194K, capacity 73179K, committed 73344K, reserved 1112064K
  class space    used 9120K, capacity 9806K, committed 9856K, reserved 1048576K
}
Event: 22.013 GC heap after
{Heap after GC invocations=59 (full 0):
 garbage-first heap   total 176128K, used 79863K [0x0000000080000000, 0x0000000100000000)
  region size 1024K, 5 young (5120K), 5 survivors (5120K)
 Metaspace       used 71194K, capacity 73179K, committed 73344K, reserved 1112064K
  class space    used 9120K, capacity 9806K, committed 9856K, reserved 1048576K
}
Event: 23.229 GC heap before
{Heap before GC invocations=59 (full 0):
 garbage-first heap   total 176128K, used 124919K [0x0000000080000000, 0x0000000100000000)
  region size 1024K, 48 young (49152K), 5 survivors (5120K)
 Metaspace       used 73765K, capacity 75824K, committed 76032K, reserved 1116160K
  class space    used 9479K, capacity 10187K, committed 10240K, reserved 1048576K
}
Event: 23.241 GC heap after
{Heap after GC invocations=60 (full 0):
 garbage-first heap   total 176128K, used 83052K [0x0000000080000000, 0x0000000100000000)
  region size 1024K, 6 young (6144K), 6 survivors (6144K)
 Metaspace       used 73765K, capacity 75824K, committed 76032K, reserved 1116160K
  class space    used 9479K, capacity 10187K, committed 10240K, reserved 1048576K
}
Event: 26.454 GC heap before
{Heap before GC invocations=60 (full 0):
 garbage-first heap   total 176128K, used 130156K [0x0000000080000000, 0x0000000100000000)
  region size 1024K, 52 young (53248K), 6 survivors (6144K)
 Metaspace       used 75567K, capacity 77854K, committed 78208K, reserved 1116160K
  class space    used 9695K, capacity 10498K, committed 10624K, reserved 1048576K
}
Event: 26.464 GC heap after
{Heap after GC invocations=61 (full 0):
 garbage-first heap   total 176128K, used 86513K [0x0000000080000000, 0x0000000100000000)
  region size 1024K, 7 young (7168K), 7 survivors (7168K)
 Metaspace       used 75567K, capacity 77854K, committed 78208K, reserved 1116160K
  class space    used 9695K, capacity 10498K, committed 10624K, reserved 1048576K
}
Event: 28.671 GC heap before
{Heap before GC invocations=61 (full 0):
 garbage-first heap   total 176128K, used 136689K [0x0000000080000000, 0x0000000100000000)
  region size 1024K, 56 young (57344K), 7 survivors (7168K)
 Metaspace       used 80009K, capacity 82173K, committed 82432K, reserved 1120256K
  class space    used 10443K, capacity 11228K, committed 11264K, reserved 1048576K
}
Event: 28.694 GC heap after
{Heap after GC invocations=62 (full 0):
 garbage-first heap   total 176128K, used 89652K [0x0000000080000000, 0x0000000100000000)
  region size 1024K, 7 young (7168K), 7 survivors (7168K)
 Metaspace       used 80009K, capacity 82173K, committed 82432K, reserved 1120256K
  class space    used 10443K, capacity 11228K, committed 11264K, reserved 1048576K
}
Event: 29.816 GC heap before
{Heap before GC invocations=63 (full 0):
 garbage-first heap   total 176128K, used 134708K [0x0000000080000000, 0x0000000100000000)
  region size 1024K, 52 young (53248K), 7 survivors (7168K)
 Metaspace       used 82791K, capacity 84926K, committed 84992K, reserved 1122304K
  class space    used 10724K, capacity 11481K, committed 11520K, reserved 1048576K
}
Event: 29.834 GC heap after
{Heap after GC invocations=64 (full 0):
 garbage-first heap   total 176128K, used 94956K [0x0000000080000000, 0x0000000100000000)
  region size 1024K, 8 young (8192K), 8 survivors (8192K)
 Metaspace       used 82791K, capacity 84926K, committed 84992K, reserved 1122304K
  class space    used 10724K, capacity 11481K, committed 11520K, reserved 1048576K
}
Event: 32.460 GC heap before
{Heap before GC invocations=65 (full 0):
 garbage-first heap   total 176128K, used 151276K [0x0000000080000000, 0x0000000100000000)
  region size 1024K, 54 young (55296K), 8 survivors (8192K)
 Metaspace       used 85578K, capacity 88035K, committed 88320K, reserved 1126400K
  class space    used 11114K, capacity 11990K, committed 12032K, reserved 1048576K
}
Event: 32.484 GC heap after
{Heap after GC invocations=66 (full 0):
 garbage-first heap   total 176128K, used 111531K [0x0000000080000000, 0x0000000100000000)
  region size 1024K, 6 young (6144K), 6 survivors (6144K)
 Metaspace       used 85578K, capacity 88035K, committed 88320K, reserved 1126400K
  class space    used 11114K, capacity 11990K, committed 12032K, reserved 1048576K
}
Event: 32.670 GC heap before
{Heap before GC invocations=66 (full 0):
 garbage-first heap   total 176128K, used 116651K [0x0000000080000000, 0x0000000100000000)
  region size 1024K, 13 young (13312K), 6 survivors (6144K)
 Metaspace       used 86291K, capacity 88789K, committed 88960K, reserved 1126400K
  class space    used 11192K, capacity 12089K, committed 12160K, reserved 1048576K
}
Event: 32.681 GC heap after
{Heap after GC invocations=67 (full 0):
 garbage-first heap   total 176128K, used 112753K [0x0000000080000000, 0x0000000100000000)
  region size 1024K, 2 young (2048K), 2 survivors (2048K)
 Metaspace       used 86291K, capacity 88789K, committed 88960K, reserved 1126400K
  class space    used 11192K, capacity 12089K, committed 12160K, reserved 1048576K
}
Event: 34.839 GC heap before
{Heap before GC invocations=68 (full 0):
 garbage-first heap   total 176128K, used 142449K [0x0000000080000000, 0x0000000100000000)
  region size 1024K, 30 young (30720K), 2 survivors (2048K)
 Metaspace       used 89899K, capacity 92336K, committed 92672K, reserved 1130496K
  class space    used 11601K, capacity 12438K, committed 12544K, reserved 1048576K
}
Event: 34.850 GC heap after
{Heap after GC invocations=69 (full 0):
 garbage-first heap   total 176128K, used 112523K [0x0000000080000000, 0x0000000100000000)
  region size 1024K, 1 young (1024K), 1 survivors (1024K)
 Metaspace       used 89899K, capacity 92336K, committed 92672K, reserved 1130496K
  class space    used 11601K, capacity 12438K, committed 12544K, reserved 1048576K
}
Event: 36.355 GC heap before
{Heap before GC invocations=69 (full 0):
 garbage-first heap   total 176128K, used 144267K [0x0000000080000000, 0x0000000100000000)
  region size 1024K, 32 young (32768K), 1 survivors (1024K)
 Metaspace       used 93476K, capacity 95927K, committed 96256K, reserved 1132544K
  class space    used 12083K, capacity 12960K, committed 13056K, reserved 1048576K
}
Event: 36.364 GC heap after
{Heap after GC invocations=70 (full 0):
 garbage-first heap   total 176128K, used 114266K [0x0000000080000000, 0x0000000100000000)
  region size 1024K, 3 young (3072K), 3 survivors (3072K)
 Metaspace       used 93476K, capacity 95927K, committed 96256K, reserved 1132544K
  class space    used 12083K, capacity 12960K, committed 13056K, reserved 1048576K
}

