# JRE version: OpenJDK Runtime Environment (11.0.12+7) (build 11.0.12+7-b1504.28-7817840)
# Java VM: OpenJDK 64-Bit Server VM (11.0.12+7-b1504.28-7817840, mixed mode, tiered, compressed oops, g1 gc, windows-amd64)
Heap:
 garbage-first heap   total 575488K, used 231387K [0x0000000080000000, 0x0000000100000000)
  region size 1024K, 4 young (4096K), 4 survivors (4096K)
 Metaspace       used 99537K, capacity 102759K, committed 103032K, reserved 1138688K
  class space    used 13152K, capacity 14394K, committed 14456K, reserved 1048576K
GC Heap History (20 events):
Event: 27.923 GC heap after
{Heap after GC invocations=55 (full 0):
 garbage-first heap   total 211968K, used 106042K [0x0000000080000000, 0x0000000100000000)
  region size 1024K, 7 young (7168K), 7 survivors (7168K)
 Metaspace       used 87388K, capacity 89850K, committed 90104K, reserved 1126400K
  class space    used 11261K, capacity 12134K, committed 12280K, reserved 1048576K
}
Event: 28.271 GC heap before
{Heap before GC invocations=56 (full 0):
 garbage-first heap   total 211968K, used 112186K [0x0000000080000000, 0x0000000100000000)
  region size 1024K, 14 young (14336K), 7 survivors (7168K)
 Metaspace       used 88514K, capacity 90961K, committed 91256K, reserved 1128448K
  class space    used 11398K, capacity 12270K, committed 12408K, reserved 1048576K
}
Event: 28.283 GC heap after
{Heap after GC invocations=57 (full 0):
 garbage-first heap   total 211968K, used 108444K [0x0000000080000000, 0x0000000100000000)
  region size 1024K, 7 young (7168K), 7 survivors (7168K)
 Metaspace       used 88514K, capacity 90961K, committed 91256K, reserved 1128448K
  class space    used 11398K, capacity 12270K, committed 12408K, reserved 1048576K
}
Event: 28.718 GC heap before
{Heap before GC invocations=58 (full 0):
 garbage-first heap   total 211968K, used 131996K [0x0000000080000000, 0x0000000100000000)
  region size 1024K, 26 young (26624K), 7 survivors (7168K)
 Metaspace       used 89984K, capacity 92412K, committed 92664K, reserved 1130496K
  class space    used 11613K, capacity 12477K, committed 12536K, reserved 1048576K
}
Event: 28.733 GC heap after
{Heap after GC invocations=59 (full 0):
 garbage-first heap   total 211968K, used 114958K [0x0000000080000000, 0x0000000100000000)
  region size 1024K, 7 young (7168K), 7 survivors (7168K)
 Metaspace       used 89984K, capacity 92412K, committed 92664K, reserved 1130496K
  class space    used 11613K, capacity 12477K, committed 12536K, reserved 1048576K
}
Event: 29.167 GC heap before
{Heap before GC invocations=60 (full 0):
 garbage-first heap   total 211968K, used 185614K [0x0000000080000000, 0x0000000100000000)
  region size 1024K, 64 young (65536K), 7 survivors (7168K)
 Metaspace       used 91865K, capacity 94466K, committed 94712K, reserved 1130496K
  class space    used 11864K, capacity 12785K, committed 12792K, reserved 1048576K
}
Event: 29.188 GC heap after
{Heap after GC invocations=61 (full 0):
 garbage-first heap   total 211968K, used 136964K [0x0000000080000000, 0x0000000100000000)
  region size 1024K, 8 young (8192K), 8 survivors (8192K)
 Metaspace       used 91865K, capacity 94466K, committed 94712K, reserved 1130496K
  class space    used 11864K, capacity 12785K, committed 12792K, reserved 1048576K
}
Event: 29.417 GC heap before
{Heap before GC invocations=61 (full 0):
 garbage-first heap   total 211968K, used 172804K [0x0000000080000000, 0x0000000100000000)
  region size 1024K, 44 young (45056K), 8 survivors (8192K)
 Metaspace       used 92682K, capacity 95295K, committed 95480K, reserved 1132544K
  class space    used 11991K, capacity 12936K, committed 13048K, reserved 1048576K
}
Event: 29.463 GC heap after
{Heap after GC invocations=62 (full 0):
 garbage-first heap   total 211968K, used 149694K [0x0000000080000000, 0x0000000100000000)
  region size 1024K, 6 young (6144K), 6 survivors (6144K)
 Metaspace       used 92682K, capacity 95295K, committed 95480K, reserved 1132544K
  class space    used 11991K, capacity 12936K, committed 13048K, reserved 1048576K
}
Event: 29.570 GC heap before
{Heap before GC invocations=62 (full 0):
 garbage-first heap   total 211968K, used 172222K [0x0000000080000000, 0x0000000100000000)
  region size 1024K, 29 young (29696K), 6 survivors (6144K)
 Metaspace       used 92743K, capacity 95370K, committed 95480K, reserved 1132544K
  class space    used 11993K, capacity 12939K, committed 13048K, reserved 1048576K
}
Event: 29.598 GC heap after
{Heap after GC invocations=63 (full 0):
 garbage-first heap   total 211968K, used 157674K [0x0000000080000000, 0x0000000100000000)
  region size 1024K, 4 young (4096K), 4 survivors (4096K)
 Metaspace       used 92743K, capacity 95370K, committed 95480K, reserved 1132544K
  class space    used 11993K, capacity 12939K, committed 13048K, reserved 1048576K
}
Event: 29.747 GC heap before
{Heap before GC invocations=63 (full 0):
 garbage-first heap   total 211968K, used 178154K [0x0000000080000000, 0x0000000100000000)
  region size 1024K, 22 young (22528K), 4 survivors (4096K)
 Metaspace       used 93075K, capacity 95725K, committed 95992K, reserved 1132544K
  class space    used 12037K, capacity 12995K, committed 13048K, reserved 1048576K
}
Event: 29.770 GC heap after
{Heap after GC invocations=64 (full 0):
 garbage-first heap   total 296960K, used 165576K [0x0000000080000000, 0x0000000100000000)
  region size 1024K, 3 young (3072K), 3 survivors (3072K)
 Metaspace       used 93075K, capacity 95725K, committed 95992K, reserved 1132544K
  class space    used 12037K, capacity 12995K, committed 13048K, reserved 1048576K
}
Event: 30.599 GC heap before
{Heap before GC invocations=65 (full 0):
 garbage-first heap   total 296960K, used 218824K [0x0000000080000000, 0x0000000100000000)
  region size 1024K, 56 young (57344K), 3 survivors (3072K)
 Metaspace       used 97740K, capacity 100781K, committed 100984K, reserved 1136640K
  class space    used 12917K, capacity 14075K, committed 14200K, reserved 1048576K
}
Event: 30.639 GC heap after
{Heap after GC invocations=66 (full 0):
 garbage-first heap   total 296960K, used 179200K [0x0000000080000000, 0x0000000100000000)
  region size 1024K, 7 young (7168K), 7 survivors (7168K)
 Metaspace       used 97740K, capacity 100781K, committed 100984K, reserved 1136640K
  class space    used 12917K, capacity 14075K, committed 14200K, reserved 1048576K
}
Event: 30.802 GC heap before
{Heap before GC invocations=66 (full 0):
 garbage-first heap   total 296960K, used 228352K [0x0000000080000000, 0x0000000100000000)
  region size 1024K, 55 young (56320K), 7 survivors (7168K)
 Metaspace       used 98269K, capacity 101282K, committed 101496K, reserved 1136640K
  class space    used 12996K, capacity 14156K, committed 14200K, reserved 1048576K
}
Event: 30.867 GC heap after
{Heap after GC invocations=67 (full 0):
 garbage-first heap   total 296960K, used 203174K [0x0000000080000000, 0x0000000100000000)
  region size 1024K, 7 young (7168K), 7 survivors (7168K)
 Metaspace       used 98269K, capacity 101282K, committed 101496K, reserved 1136640K
  class space    used 12996K, capacity 14156K, committed 14200K, reserved 1048576K
}
Event: 31.014 GC heap before
{Heap before GC invocations=67 (full 0):
 garbage-first heap   total 296960K, used 235942K [0x0000000080000000, 0x0000000100000000)
  region size 1024K, 40 young (40960K), 7 survivors (7168K)
 Metaspace       used 98676K, capacity 101759K, committed 101880K, reserved 1136640K
  class space    used 13043K, capacity 14230K, committed 14328K, reserved 1048576K
}
Event: 31.043 GC heap after
{Heap after GC invocations=68 (full 0):
 garbage-first heap   total 296960K, used 221184K [0x0000000080000000, 0x0000000100000000)
  region size 1024K, 5 young (5120K), 5 survivors (5120K)
 Metaspace       used 98676K, capacity 101759K, committed 101880K, reserved 1136640K
  class space    used 13043K, capacity 14230K, committed 14328K, reserved 1048576K
}
Event: 31.276 GC heap before
{Heap before GC invocations=68 (full 0):
 garbage-first heap   total 296960K, used 242688K [0x0000000080000000, 0x0000000100000000)
  region size 1024K, 27 young (27648K), 5 survivors (5120K)
 Metaspace       used 99537K, capacity 102759K, committed 103032K, reserved 1138688K
  class space    used 13152K, capacity 14394K, committed 14456K, reserved 1048576K
}

