# JRE version: OpenJDK Runtime Environment (11.0.12+7) (build 11.0.12+7-b1504.28-7817840)
# Java VM: OpenJDK 64-Bit Server VM (11.0.12+7-b1504.28-7817840, mixed mode, tiered, compressed oops, g1 gc, windows-amd64)
Heap:
 garbage-first heap   total 565248K, used 224256K [0x0000000080000000, 0x0000000100000000)
  region size 1024K, 6 young (6144K), 6 survivors (6144K)
 Metaspace       used 113688K, capacity 116683K, committed 116736K, reserved 1150976K
  class space    used 14220K, capacity 15318K, committed 15360K, reserved 1048576K
GC Heap History (20 events):
Event: 66.698 GC heap after
{Heap after GC invocations=88 (full 0):
 garbage-first heap   total 254976K, used 102122K [0x0000000080000000, 0x0000000100000000)
  region size 1024K, 3 young (3072K), 3 survivors (3072K)
 Metaspace       used 97873K, capacity 100408K, committed 100736K, reserved 1136640K
  class space    used 12126K, capacity 13075K, committed 13184K, reserved 1048576K
}
Event: 67.532 GC heap before
{Heap before GC invocations=89 (full 0):
 garbage-first heap   total 254976K, used 158442K [0x0000000080000000, 0x0000000100000000)
  region size 1024K, 59 young (60416K), 3 survivors (3072K)
 Metaspace       used 99478K, capacity 102165K, committed 102400K, reserved 1138688K
  class space    used 12274K, capacity 13209K, committed 13312K, reserved 1048576K
}
Event: 67.541 GC heap after
{Heap after GC invocations=90 (full 0):
 garbage-first heap   total 254976K, used 102980K [0x0000000080000000, 0x0000000100000000)
  region size 1024K, 4 young (4096K), 4 survivors (4096K)
 Metaspace       used 99478K, capacity 102165K, committed 102400K, reserved 1138688K
  class space    used 12274K, capacity 13209K, committed 13312K, reserved 1048576K
}
Event: 67.733 GC heap before
{Heap before GC invocations=90 (full 0):
 garbage-first heap   total 254976K, used 110148K [0x0000000080000000, 0x0000000100000000)
  region size 1024K, 12 young (12288K), 4 survivors (4096K)
 Metaspace       used 99551K, capacity 102204K, committed 102400K, reserved 1138688K
  class space    used 12279K, capacity 13242K, committed 13312K, reserved 1048576K
}
Event: 67.742 GC heap after
{Heap after GC invocations=91 (full 0):
 garbage-first heap   total 254976K, used 99404K [0x0000000080000000, 0x0000000100000000)
  region size 1024K, 1 young (1024K), 1 survivors (1024K)
 Metaspace       used 99551K, capacity 102204K, committed 102400K, reserved 1138688K
  class space    used 12279K, capacity 13242K, committed 13312K, reserved 1048576K
}
Event: 69.531 GC heap before
{Heap before GC invocations=91 (full 0):
 garbage-first heap   total 254976K, used 165964K [0x0000000080000000, 0x0000000100000000)
  region size 1024K, 66 young (67584K), 1 survivors (1024K)
 Metaspace       used 101824K, capacity 104540K, committed 104704K, reserved 1140736K
  class space    used 12562K, capacity 13545K, committed 13568K, reserved 1048576K
}
Event: 69.536 GC heap after
{Heap after GC invocations=92 (full 0):
 garbage-first heap   total 254976K, used 100061K [0x0000000080000000, 0x0000000100000000)
  region size 1024K, 2 young (2048K), 2 survivors (2048K)
 Metaspace       used 101824K, capacity 104540K, committed 104704K, reserved 1140736K
  class space    used 12562K, capacity 13545K, committed 13568K, reserved 1048576K
}
Event: 70.501 GC heap before
{Heap before GC invocations=92 (full 0):
 garbage-first heap   total 254976K, used 175837K [0x0000000080000000, 0x0000000100000000)
  region size 1024K, 77 young (78848K), 2 survivors (2048K)
 Metaspace       used 104347K, capacity 106990K, committed 107008K, reserved 1142784K
  class space    used 12854K, capacity 13818K, committed 13824K, reserved 1048576K
}
Event: 70.510 GC heap after
{Heap after GC invocations=93 (full 0):
 garbage-first heap   total 254976K, used 104692K [0x0000000080000000, 0x0000000100000000)
  region size 1024K, 6 young (6144K), 6 survivors (6144K)
 Metaspace       used 104347K, capacity 106990K, committed 107008K, reserved 1142784K
  class space    used 12854K, capacity 13818K, committed 13824K, reserved 1048576K
}
Event: 71.203 GC heap before
{Heap before GC invocations=93 (full 0):
 garbage-first heap   total 254976K, used 188660K [0x0000000080000000, 0x0000000100000000)
  region size 1024K, 89 young (91136K), 6 survivors (6144K)
 Metaspace       used 105248K, capacity 108017K, committed 108160K, reserved 1142784K
  class space    used 12961K, capacity 13940K, committed 13952K, reserved 1048576K
}
Event: 71.221 GC heap after
{Heap after GC invocations=94 (full 0):
 garbage-first heap   total 254976K, used 110629K [0x0000000080000000, 0x0000000100000000)
  region size 1024K, 12 young (12288K), 12 survivors (12288K)
 Metaspace       used 105248K, capacity 108017K, committed 108160K, reserved 1142784K
  class space    used 12961K, capacity 13940K, committed 13952K, reserved 1048576K
}
Event: 72.097 GC heap before
{Heap before GC invocations=94 (full 0):
 garbage-first heap   total 254976K, used 200741K [0x0000000080000000, 0x0000000100000000)
  region size 1024K, 96 young (98304K), 12 survivors (12288K)
 Metaspace       used 105677K, capacity 108470K, committed 108800K, reserved 1144832K
  class space    used 13001K, capacity 13995K, committed 14080K, reserved 1048576K
}
Event: 72.132 GC heap after
{Heap after GC invocations=95 (full 0):
 garbage-first heap   total 306176K, used 126557K [0x0000000080000000, 0x0000000100000000)
  region size 1024K, 12 young (12288K), 12 survivors (12288K)
 Metaspace       used 105677K, capacity 108470K, committed 108800K, reserved 1144832K
  class space    used 13001K, capacity 13995K, committed 14080K, reserved 1048576K
}
Event: 72.866 GC heap before
{Heap before GC invocations=95 (full 0):
 garbage-first heap   total 306176K, used 238173K [0x0000000080000000, 0x0000000100000000)
  region size 1024K, 106 young (108544K), 12 survivors (12288K)
 Metaspace       used 109156K, capacity 111964K, committed 112128K, reserved 1146880K
  class space    used 13463K, capacity 14472K, committed 14592K, reserved 1048576K
}
Event: 72.885 GC heap after
{Heap after GC invocations=96 (full 0):
 garbage-first heap   total 306176K, used 146827K [0x0000000080000000, 0x0000000100000000)
  region size 1024K, 14 young (14336K), 14 survivors (14336K)
 Metaspace       used 109156K, capacity 111964K, committed 112128K, reserved 1146880K
  class space    used 13463K, capacity 14472K, committed 14592K, reserved 1048576K
}
Event: 74.046 GC heap before
{Heap before GC invocations=96 (full 0):
 garbage-first heap   total 306176K, used 237963K [0x0000000080000000, 0x0000000100000000)
  region size 1024K, 102 young (104448K), 14 survivors (14336K)
 Metaspace       used 111421K, capacity 114315K, committed 114560K, reserved 1148928K
  class space    used 13925K, capacity 14946K, committed 14976K, reserved 1048576K
}
Event: 74.155 GC heap after
{Heap after GC invocations=97 (full 0):
 garbage-first heap   total 306176K, used 181248K [0x0000000080000000, 0x0000000100000000)
  region size 1024K, 13 young (13312K), 13 survivors (13312K)
 Metaspace       used 111421K, capacity 114315K, committed 114560K, reserved 1148928K
  class space    used 13925K, capacity 14946K, committed 14976K, reserved 1048576K
}
Event: 74.544 GC heap before
{Heap before GC invocations=97 (full 0):
 garbage-first heap   total 306176K, used 238592K [0x0000000080000000, 0x0000000100000000)
  region size 1024K, 69 young (70656K), 13 survivors (13312K)
 Metaspace       used 111582K, capacity 114463K, committed 114560K, reserved 1148928K
  class space    used 13925K, capacity 14946K, committed 14976K, reserved 1048576K
}
Event: 74.654 GC heap after
{Heap after GC invocations=98 (full 0):
 garbage-first heap   total 306176K, used 211902K [0x0000000080000000, 0x0000000100000000)
  region size 1024K, 9 young (9216K), 9 survivors (9216K)
 Metaspace       used 111582K, capacity 114463K, committed 114560K, reserved 1148928K
  class space    used 13925K, capacity 14946K, committed 14976K, reserved 1048576K
}
Event: 75.287 GC heap before
{Heap before GC invocations=98 (full 0):
 garbage-first heap   total 306176K, used 243646K [0x0000000080000000, 0x0000000100000000)
  region size 1024K, 41 young (41984K), 9 survivors (9216K)
 Metaspace       used 113688K, capacity 116683K, committed 116736K, reserved 1150976K
  class space    used 14220K, capacity 15318K, committed 15360K, reserved 1048576K
}

